
  .   ____          _            __ _ _
 /\\ / ___'_ __ _ _(_)_ __  __ _ \ \ \ \
( ( )\___ | '_ | '_| | '_ \/ _` | \ \ \ \
 \\/  ___)| |_)| | | | | || (_| |  ) ) ) )
  '  |____| .__|_| |_|_| |_\__, | / / / /
 =========|_|==============|___/=/_/_/_/
 :: Spring Boot ::                (v2.7.2)

2022-10-09 15:52:56.151  INFO 71564 --- [           main] c.e.t.TestSneakerParseApplication        : Starting TestSneakerParseApplication v0.0.1-SNAPSHOT using Java 11.0.16 on lenovo-IdeaPad-5-15ARE05 with PID 71564 (/home/lenovo/IdeaProjects/testSneakerParse/target/testSneakerParse-0.0.1-SNAPSHOT.jar started by lenovo in /home/lenovo/IdeaProjects/testSneakerParse)
2022-10-09 15:52:56.153  INFO 71564 --- [           main] c.e.t.TestSneakerParseApplication        : No active profile set, falling back to 1 default profile: "default"
2022-10-09 15:52:56.799  INFO 71564 --- [           main] .s.d.r.c.RepositoryConfigurationDelegate : Bootstrapping Spring Data JPA repositories in DEFAULT mode.
2022-10-09 15:52:56.853  INFO 71564 --- [           main] .s.d.r.c.RepositoryConfigurationDelegate : Finished Spring Data repository scanning in 45 ms. Found 2 JPA repository interfaces.
2022-10-09 15:52:57.421  INFO 71564 --- [           main] o.s.b.w.embedded.tomcat.TomcatWebServer  : Tomcat initialized with port(s): 3033 (http)
2022-10-09 15:52:57.432  INFO 71564 --- [           main] o.apache.catalina.core.StandardService   : Starting service [Tomcat]
2022-10-09 15:52:57.433  INFO 71564 --- [           main] org.apache.catalina.core.StandardEngine  : Starting Servlet engine: [Apache Tomcat/9.0.65]
2022-10-09 15:52:57.506  INFO 71564 --- [           main] o.a.c.c.C.[Tomcat].[localhost].[/]       : Initializing Spring embedded WebApplicationContext
2022-10-09 15:52:57.506  INFO 71564 --- [           main] w.s.c.ServletWebServerApplicationContext : Root WebApplicationContext: initialization completed in 1295 ms
2022-10-09 15:52:57.659  INFO 71564 --- [           main] com.zaxxer.hikari.HikariDataSource       : HikariPool-1 - Starting...
2022-10-09 15:52:57.945  INFO 71564 --- [           main] com.zaxxer.hikari.HikariDataSource       : HikariPool-1 - Start completed.
2022-10-09 15:52:57.992  INFO 71564 --- [           main] o.hibernate.jpa.internal.util.LogHelper  : HHH000204: Processing PersistenceUnitInfo [name: default]
2022-10-09 15:52:58.037  INFO 71564 --- [           main] org.hibernate.Version                    : HHH000412: Hibernate ORM core version 5.6.10.Final
2022-10-09 15:52:58.182  INFO 71564 --- [           main] o.hibernate.annotations.common.Version   : HCANN000001: Hibernate Commons Annotations {5.1.2.Final}
2022-10-09 15:52:58.301  INFO 71564 --- [           main] org.hibernate.dialect.Dialect            : HHH000400: Using dialect: org.hibernate.dialect.PostgreSQL10Dialect
2022-10-09 15:52:58.816  INFO 71564 --- [           main] o.h.e.t.j.p.i.JtaPlatformInitiator       : HHH000490: Using JtaPlatform implementation: [org.hibernate.engine.transaction.jta.platform.internal.NoJtaPlatform]
2022-10-09 15:52:58.825  INFO 71564 --- [           main] j.LocalContainerEntityManagerFactoryBean : Initialized JPA EntityManagerFactory for persistence unit 'default'
i begin with start Spring bean
and I also started
2022-10-09 15:52:59.116  WARN 71564 --- [           main] JpaBaseConfiguration$JpaWebConfiguration : spring.jpa.open-in-view is enabled by default. Therefore, database queries may be performed during view rendering. Explicitly configure spring.jpa.open-in-view to disable this warning
2022-10-09 15:52:59.449  INFO 71564 --- [           main] o.s.b.w.embedded.tomcat.TomcatWebServer  : Tomcat started on port(s): 3033 (http) with context path ''
2022-10-09 15:52:59.459  INFO 71564 --- [           main] c.e.t.TestSneakerParseApplication        : Started TestSneakerParseApplication in 3.777 seconds (JVM running for 4.205)
i begin with start
i begin with start
2022-10-09 15:53:56.088  INFO 71564 --- [nio-3033-exec-1] o.a.c.c.C.[Tomcat].[localhost].[/]       : Initializing Spring DispatcherServlet 'dispatcherServlet'
2022-10-09 15:53:56.089  INFO 71564 --- [nio-3033-exec-1] o.s.web.servlet.DispatcherServlet        : Initializing Servlet 'dispatcherServlet'
2022-10-09 15:53:56.090  INFO 71564 --- [nio-3033-exec-1] o.s.web.servlet.DispatcherServlet        : Completed initialization in 1 ms
i begin with start
i begin with start
i begin with start
i begin with start
i begin with start
Spriiiiiing
i begin with start
i begin with start
i begin with start
i begin with start
Spriiiiiing
i begin with start
Spriiiiiing
i begin with start
i begin with start
Spriiiiiing
i begin with start
i begin with start
i begin with start
Spriiiiiing
i begin with start
i begin with start
Spriiiiiing
i begin with start
i begin with start
i begin with start
Spriiiiiing
i begin with start
i begin with start
Spriiiiiing
i begin with start
i begin with start
i begin with start
Spriiiiiing
i begin with start
i begin with start
Spriiiiiing
i begin with start
i begin with start
Spriiiiiing
i begin with start
i begin with start
i begin with start
Spriiiiiing
i begin with start
i begin with start
i begin with start
Spriiiiiing
i begin with start
i begin with start
i begin with start
i begin with start
i begin with start
Spriiiiiing
i begin with start
i begin with start
Spriiiiiing
i begin with start
i begin with start
i begin with start
Spriiiiiing
i begin with start
i begin with start
i begin with start
Spriiiiiing
i begin with start
i begin with start
Spriiiiiing
i begin with start
i begin with start
i begin with start
Spriiiiiing
i begin with start
i begin with start
Spriiiiiing
i begin with start
Spriiiiiing
i begin with start
i begin with start
i begin with start
Spriiiiiing
i begin with start
Spriiiiiing
i begin with start
Spriiiiiing
i begin with start
i begin with start
Spriiiiiing
i begin with start
i begin with start
Spriiiiiing
i begin with start
i begin with start
i begin with start
Spriiiiiing
i begin with start
i begin with start
Spriiiiiing
i begin with start
i begin with start
Spriiiiiing
i begin with start
Spriiiiiing
i begin with start
i begin with start
Spriiiiiing
i begin with start
i begin with start
i begin with start
Spriiiiiing
i begin with start
i begin with start
i begin with start
i begin with start
Spriiiiiing
i begin with start
i begin with start
i begin with start
Spriiiiiing
i begin with start
Spriiiiiing
i begin with start
i begin with start
Spriiiiiing
i begin with start
Spriiiiiing
i begin with start
i begin with start
Spriiiiiing
i begin with start
i begin with start
i begin with start
Spriiiiiing
i begin with start
Spriiiiiing
i begin with start
i begin with start
Spriiiiiing
i begin with start
i begin with start
Spriiiiiing
i begin with start
Spriiiiiing
i begin with start
i begin with start
Spriiiiiing
i begin with start
i begin with start
i begin with start
Spriiiiiing
i begin with start
Spriiiiiing
i begin with start
i begin with start
Spriiiiiing
i begin with start
i begin with start
i begin with start
Spriiiiiing
i begin with start
i begin with start
Spriiiiiing
i begin with start
Exception in thread "Timer-0" java.lang.RuntimeException: java.net.UnknownHostException: sneakernews.com
	at com.example.testsneakerparse.config.MvcConfig$1.run(MvcConfig.java:32)
	at java.base/java.util.TimerThread.mainLoop(Timer.java:556)
	at java.base/java.util.TimerThread.run(Timer.java:506)
Caused by: java.net.UnknownHostException: sneakernews.com
	at java.base/java.net.AbstractPlainSocketImpl.connect(AbstractPlainSocketImpl.java:229)
	at java.base/java.net.SocksSocketImpl.connect(SocksSocketImpl.java:392)
	at java.base/java.net.Socket.connect(Socket.java:609)
	at java.base/sun.security.ssl.SSLSocketImpl.connect(SSLSocketImpl.java:305)
	at java.base/sun.net.NetworkClient.doConnect(NetworkClient.java:177)
	at java.base/sun.net.www.http.HttpClient.openServer(HttpClient.java:508)
	at java.base/sun.net.www.http.HttpClient.openServer(HttpClient.java:603)
	at java.base/sun.net.www.protocol.https.HttpsClient.<init>(HttpsClient.java:266)
	at java.base/sun.net.www.protocol.https.HttpsClient.New(HttpsClient.java:373)
	at java.base/sun.net.www.protocol.https.AbstractDelegateHttpsURLConnection.getNewHttpClient(AbstractDelegateHttpsURLConnection.java:207)
	at java.base/sun.net.www.protocol.http.HttpURLConnection.plainConnect0(HttpURLConnection.java:1187)
	at java.base/sun.net.www.protocol.http.HttpURLConnection.plainConnect(HttpURLConnection.java:1081)
	at java.base/sun.net.www.protocol.https.AbstractDelegateHttpsURLConnection.connect(AbstractDelegateHttpsURLConnection.java:193)
	at java.base/sun.net.www.protocol.https.HttpsURLConnectionImpl.connect(HttpsURLConnectionImpl.java:168)
	at org.jsoup.helper.HttpConnection$Response.execute(HttpConnection.java:859)
	at org.jsoup.helper.HttpConnection$Response.execute(HttpConnection.java:829)
	at org.jsoup.helper.HttpConnection.execute(HttpConnection.java:366)
	at org.jsoup.helper.HttpConnection.get(HttpConnection.java:353)
	at com.example.testsneakerparse.service.SiteInterfaceImpl.parsingNamePaige(SiteInterfaceImpl.java:36)
	at com.example.testsneakerparse.config.MvcConfig$1.run(MvcConfig.java:30)
	... 2 more
Exception in thread "Timer-1" java.lang.RuntimeException: java.net.SocketTimeoutException: Read timed out
	at com.example.testsneakerparse.config.MvcConfig$2.run(MvcConfig.java:49)
	at java.base/java.util.TimerThread.mainLoop(Timer.java:556)
	at java.base/java.util.TimerThread.run(Timer.java:506)
Caused by: java.net.SocketTimeoutException: Read timed out
	at java.base/java.net.SocketInputStream.socketRead0(Native Method)
	at java.base/java.net.SocketInputStream.socketRead(SocketInputStream.java:115)
	at java.base/java.net.SocketInputStream.read(SocketInputStream.java:168)
	at java.base/java.net.SocketInputStream.read(SocketInputStream.java:140)
	at java.base/sun.security.ssl.SSLSocketInputRecord.read(SSLSocketInputRecord.java:478)
	at java.base/sun.security.ssl.SSLSocketInputRecord.readHeader(SSLSocketInputRecord.java:472)
	at java.base/sun.security.ssl.SSLSocketInputRecord.bytesInCompletePacket(SSLSocketInputRecord.java:70)
	at java.base/sun.security.ssl.SSLSocketImpl.readApplicationRecord(SSLSocketImpl.java:1454)
	at java.base/sun.security.ssl.SSLSocketImpl$AppInputStream.read(SSLSocketImpl.java:1065)
	at java.base/java.io.BufferedInputStream.fill(BufferedInputStream.java:252)
	at java.base/java.io.BufferedInputStream.read1(BufferedInputStream.java:292)
	at java.base/java.io.BufferedInputStream.read(BufferedInputStream.java:351)
	at java.base/sun.net.www.http.HttpClient.parseHTTPHeader(HttpClient.java:788)
	at java.base/sun.net.www.http.HttpClient.parseHTTP(HttpClient.java:723)
	at java.base/sun.net.www.protocol.http.HttpURLConnection.getInputStream0(HttpURLConnection.java:1615)
	at java.base/sun.net.www.protocol.http.HttpURLConnection.getInputStream(HttpURLConnection.java:1520)
	at java.base/java.net.HttpURLConnection.getResponseCode(HttpURLConnection.java:527)
	at java.base/sun.net.www.protocol.https.HttpsURLConnectionImpl.getResponseCode(HttpsURLConnectionImpl.java:334)
	at org.jsoup.helper.HttpConnection$Response.execute(HttpConnection.java:867)
	at org.jsoup.helper.HttpConnection$Response.execute(HttpConnection.java:829)
	at org.jsoup.helper.HttpConnection.execute(HttpConnection.java:366)
	at org.jsoup.helper.HttpConnection.get(HttpConnection.java:353)
	at com.example.testsneakerparse.service.SiteInterfaceImpl.parsingAllPaige(SiteInterfaceImpl.java:74)
	at com.example.testsneakerparse.config.MvcConfig$2.run(MvcConfig.java:47)
	... 2 more
2022-10-09 17:41:30.091  INFO 71564 --- [ionShutdownHook] j.LocalContainerEntityManagerFactoryBean : Closing JPA EntityManagerFactory for persistence unit 'default'
2022-10-09 17:41:30.095  INFO 71564 --- [ionShutdownHook] com.zaxxer.hikari.HikariDataSource       : HikariPool-1 - Shutdown initiated...
2022-10-09 17:41:30.123  INFO 71564 --- [ionShutdownHook] com.zaxxer.hikari.HikariDataSource       : HikariPool-1 - Shutdown completed.
